<?xml version="1.0" encoding="UTF-8"?>
<!-- Generated by org.testng.reporters.JUnitReportReporter -->
<testsuite skipped="0" hostname="DESKTOP-F800A9D" name="com.Test_Cases.LoginTest_FB" tests="1" failures="0" timestamp="27 Dec 2019 11:16:33 GMT" time="8.182" errors="0">
  <testcase name="loginApp" time="8.182" classname="com.Test_Cases.LoginTest_FB"/>
</testsuite> <!-- com.Test_Cases.LoginTest_FB -->
